--2932a43e-A--
[25/Mar/2026:16:29:22.925092 --0700] acRv0fuE-m6J6q80YjWB0gAAADU 172.25.102.10 63267 172.25.102.30 80
--2932a43e-B--
POST /rtp/gtfs/v1 HTTP/1.1
Host: ws.trimet.org
Connection: keep-alive
Content-Length: 6983
sec-ch-ua-platform: "Android"
User-Agent: Mozilla/5.0 (Linux; Android 16; Pixel 10 Build/CP1A.260305.018; wv) AppleWebKit/537.36 (KHTML, like Gecko) Version/4.0 Chrome/146.0.7680.119 Mobile Safari/537.36 moovel
sec-ch-ua: "Chromium";v="146", "Not-A.Brand";v="24", "Android WebView";v="146"
Content-Type: application/json
sec-ch-ua-mobile: ?1
Accept: */*
Origin: https://trimet.org
X-Requested-With: org.trimet.mt.accounts
Sec-Fetch-Site: same-site
Sec-Fetch-Mode: cors
Sec-Fetch-Dest: empty
Referer: https://trimet.org/
Accept-Encoding: gzip, deflate, br, zstd
Accept-Language: en-US,en;q=0.9
X-Forwarded-For: 172.56.156.185

--2932a43e-C--
{"query":"\n  query Plan(\n    $allowedVehicleRentalNetworks: [String],\n    $arriveBy: Boolean,\n    $banned: InputBanned,\n    $bikeReluctance: Float,\n    $bikeSpeed: Float,\n    $carReluctance: Float,\n    $date: String,\n    $fromPlace: String!,\n    $modes: [TransportMode],\n    $searchWindow: Long,\n    $optimize: OptimizeType,\n    $time: String,\n    $toPlace: String!,\n    $walkReluctance: Float,\n    $walkSpeed: Float\n  ) {\n  plan(\n    allowedVehicleRentalNetworks: $allowedVehicleRentalNetworks\n    arriveBy: $arriveBy\n    banned: $banned\n    bikeReluctance: $bikeReluctance\n    bikeSpeed: $bikeSpeed\n    carReluctance: $carReluctance\n    date: $date\n    fromPlace: $fromPlace\n    locale: \"en\"\n    searchWindow: $searchWindow\n    time: $time\n    toPlace: $toPlace\n    transportModes: $modes\n    optimize: $optimize\n    walkReluctance: $walkReluctance\n    walkSpeed: $walkSpeed\n  ) {\n    itineraries {\n      accessibilityScore\n      walkTime\n      walkDistance\n      duration\n      endTime\n      legs {\n        accessibilityScore\n        agency {\n          alerts {\n            alertDescriptionText\n            alertHeaderText\n            alertUrl\n            effectiveStartDate\n            id\n          }\n          fareUrl\n          gtfsId\n          id: gtfsId\n          name\n          timezone\n          url\n        }\n        alerts {\n          alertDescriptionText\n          alertHeaderText\n          alertUrl\n          effectiveStartDate\n          id\n        }\n        arrivalDelay\n        departureDelay\n        distance\n        dropOffBookingInfo {\n          contactInfo {\n            bookingUrl\n            infoUrl\n            phoneNumber\n          }\n          earliestBookingTime {\n            daysPrior\n            time\n          }\n          latestBookingTime {\n            daysPrior\n            time\n          }\n          message\n        }\n        dropoffType\n        duration\n        endTime\n        fareProducts {\n          id\n          product {\n            __typename\n            id\n            medium {\n              id\n              name\n            }\n            name\n            riderCategory {\n              id\n              name\n            }\n            ... on DefaultFareProduct {\n              price {\n                amount\n                currency {\n                  code\n                  digits\n                }\n              }\n            }\n            ... on DependentFareProduct {\n              dependencies {\n                id\n              }\n              price {\n                amount\n                currency {\n                  code\n                }\n              }\n            }\n          }\n        }\n        from {\n          lat\n          lon\n          name\n          vehicleRentalStation {\n            name\n            rentalNetwork {\n              networkId\n            }\n          }\n          rentalVehicle {\n            id\n            network\n          }\n          stop {\n            alerts {\n              alertDescriptionText\n              alertHeaderText\n              alertUrl\n              effectiveStartDate\n              id\n            }\n            code\n            gtfsId\n            id\n            lat\n            lon\n          }\n          vertexType\n        }\n        headsign\n        interlineWithPreviousLeg\n        intermediateStops {\n          lat\n          locationType\n          lon\n          name\n          stopCode: code\n          stopId: id\n        }\n        legGeometry {\n          length\n          points\n        }\n        mode\n        pickupBookingInfo {\n          contactInfo {\n            bookingUrl\n            infoUrl\n            phoneNumber\n          }\n          earliestBookingTime {\n            daysPrior\n            time\n          }\n          latestBookingTime {\n            daysPrior\n            time\n          }\n          message\n        }\n        pickupType\n        realTime\n        realtimeState\n        rentedBike\n        rideHailingEstimate {\n          arrival\n          maxPrice {\n            amount\n            currency {\n              code\n            }\n          }\n          minPrice {\n            amount\n            currency {\n              code\n            }\n          }\n          provider {\n            id\n          }\n        }\n        route {\n          alerts {\n            alertDescriptionText\n            alertHeaderText\n            alertUrl\n            effectiveStartDate\n            id\n          }\n          color\n          gtfsId\n          id: gtfsId\n          longName\n          shortName\n          textColor\n          type\n        }\n        startTime\n        steps {\n          absoluteDirection\n          alerts {\n            alertDescriptionText\n            alertHeaderText\n            alertUrl\n            effectiveStartDate\n            id\n          }\n          area\n          distance\n          elevationProfile {\n            distance\n            elevation\n          }\n          lat\n          lon\n          relativeDirection\n          stayOn\n          streetName\n        }\n        stopCalls {\n          stopLocation {\n            __typename\n          }\n        }\n        to {\n          lat\n          lon\n          name\n          vehicleRentalStation {\n            name\n            rentalNetwork {\n              networkId\n            }\n          }\n          rentalVehicle {\n            id\n            network\n          }\n          stop {\n            alerts {\n              alertDescriptionText\n              alertHeaderText\n              alertUrl\n              effectiveStartDate\n              id\n            }\n            code\n            gtfsId\n            id\n            lat\n            lon\n          }\n          vertexType\n        }\n        transitLeg\n        trip {\n          arrivalStoptime {\n            stop {\n              gtfsId\n              id\n            }\n            stopPosition\n          }\n          blockId\n          departureStoptime {\n            stop {\n              gtfsId\n              id\n            }\n            stopPosition\n          }\n          gtfsId\n          id\n        }\n      }\n      startTime\n      transfers: numberOfTransfers\n      waitingTime\n      walkTime\n    }\n    routingErrors {\n      code\n      description\n      inputField\n    }\n  }\n}\n","variables":{"date":"2026-04-01","time":"20:11","fromPlace":"700 S Whitaker St, Portland::45.49846656993566,-122.67043307496824::Oregon","toPlace":"808 SW Campus Dr, Portland::45.499244371292406,-122.68462202551848::Washington","arriveBy":false,"modes":[{"mode":"BUS"},{"mode":"BICYCLE","qualifier":"RENT"}],"searchWindow":14400,"banned":{},"bikeReluctance":4,"bikeSpeed":3.58,"walkReluctance":4,"walkSpeed":1.34,"allowedVehicleRentalNetworks":["lyft_pdx"],"optimize":"QUICK"}}
--2932a43e-F--
HTTP/1.1 200 OK
Content-Encoding: gzip
Access-Control-Allow-Origin: *
Access-Control-Allow-Credentials: false
Vary: Accept,Accept-Encoding,Accept-Language
Content-Type: application/json
Via: 1.1 ws.trimet.org
Cache-Control: max-age=0
Expires: Wed, 25 Mar 2026 23:29:21 GMT
Access-Control-Allow-Headers: Content-Type, Authorization, x-restler-client-request-url, x-trimet-application-name, x-requested-with
X-Clacks-Overhead: GNU Terry Pratchett
Keep-Alive: timeout=10, max=44
Connection: Keep-Alive
Transfer-Encoding: chunked

--2932a43e-H--
Message: Warning. String match "gtfs/v" at REQUEST_URI. [file "/etc/httpd/conf.d/mod_security.conf"] [line "9"] [id "1000"]
Apache-Error: [file "apache2_util.c"] [line 271] [level 3] [client 172.25.102.10] ModSecurity: Warning. String match "gtfs/v" at REQUEST_URI. [file "/etc/httpd/conf.d/mod_security.conf"] [line "9"] [id "1000"] [hostname "ws.trimet.org"] [uri "/rtp/gtfs/v1"] [unique_id "acRv0fuE-m6J6q80YjWB0gAAADU"]
Apache-Handler: proxy-server
Stopwatch: 1774481361777372 1147816 (- - -)
Stopwatch2: 1774481361777372 1147816; combined=69, p1=0, p2=37, p3=1, p4=0, p5=31, sr=0, sw=0, l=0, gc=0
Producer: ModSecurity for Apache/2.9.6 (http://www.modsecurity.org/).
Server: Apache
Engine-Mode: "ENABLED"

--2932a43e-Z--

--2932a43e-A--
[25/Mar/2026:16:29:22.925092 --0700] acRv0fuE-m6J6q80YjWB0gAAADU 172.25.102.10 63267 172.25.102.30 80
--2932a43e-B--
POST /rtp/gtfs/v1 HTTP/1.1
Host: ws.trimet.org
Connection: keep-alive
Content-Length: 6983
sec-ch-ua-platform: "Android"
User-Agent: Mozilla/5.0 (Linux; Android 16; Pixel 10 Build/CP1A.260305.018; wv) AppleWebKit/537.36 (KHTML, like Gecko) Version/4.0 Chrome/146.0.7680.119 Mobile Safari/537.36 moovel
sec-ch-ua: "Chromium";v="146", "Not-A.Brand";v="24", "Android WebView";v="146"
Content-Type: application/json
sec-ch-ua-mobile: ?1
Accept: */*
Origin: https://trimet.org
X-Requested-With: org.trimet.mt.accounts
Sec-Fetch-Site: same-site
Sec-Fetch-Mode: cors
Sec-Fetch-Dest: empty
Referer: https://trimet.org/
Accept-Encoding: gzip, deflate, br, zstd
Accept-Language: en-US,en;q=0.9
X-Forwarded-For: 172.56.156.185

--2932a43e-C--
{"query":"\n  query Plan(\n    $allowedVehicleRentalNetworks: [String],\n    $arriveBy: Boolean,\n    $banned: InputBanned,\n    $bikeReluctance: Float,\n    $bikeSpeed: Float,\n    $carReluctance: Float,\n    $date: String,\n    $fromPlace: String!,\n    $modes: [TransportMode],\n    $searchWindow: Long,\n    $optimize: OptimizeType,\n    $time: String,\n    $toPlace: String!,\n    $walkReluctance: Float,\n    $walkSpeed: Float\n  ) {\n  plan(\n    allowedVehicleRentalNetworks: $allowedVehicleRentalNetworks\n    arriveBy: $arriveBy\n    banned: $banned\n    bikeReluctance: $bikeReluctance\n    bikeSpeed: $bikeSpeed\n    carReluctance: $carReluctance\n    date: $date\n    fromPlace: $fromPlace\n    locale: \"en\"\n    searchWindow: $searchWindow\n    time: $time\n    toPlace: $toPlace\n    transportModes: $modes\n    optimize: $optimize\n    walkReluctance: $walkReluctance\n    walkSpeed: $walkSpeed\n  ) {\n    itineraries {\n      accessibilityScore\n      walkTime\n      walkDistance\n      duration\n      endTime\n      legs {\n        accessibilityScore\n        agency {\n          alerts {\n            alertDescriptionText\n            alertHeaderText\n            alertUrl\n            effectiveStartDate\n            id\n          }\n          fareUrl\n          gtfsId\n          id: gtfsId\n          name\n          timezone\n          url\n        }\n        alerts {\n          alertDescriptionText\n          alertHeaderText\n          alertUrl\n          effectiveStartDate\n          id\n        }\n        arrivalDelay\n        departureDelay\n        distance\n        dropOffBookingInfo {\n          contactInfo {\n            bookingUrl\n            infoUrl\n            phoneNumber\n          }\n          earliestBookingTime {\n            daysPrior\n            time\n          }\n          latestBookingTime {\n            daysPrior\n            time\n          }\n          message\n        }\n        dropoffType\n        duration\n        endTime\n        fareProducts {\n          id\n          product {\n            __typename\n            id\n            medium {\n              id\n              name\n            }\n            name\n            riderCategory {\n              id\n              name\n            }\n            ... on DefaultFareProduct {\n              price {\n                amount\n                currency {\n                  code\n                  digits\n                }\n              }\n            }\n            ... on DependentFareProduct {\n              dependencies {\n                id\n              }\n              price {\n                amount\n                currency {\n                  code\n                }\n              }\n            }\n          }\n        }\n        from {\n          lat\n          lon\n          name\n          vehicleRentalStation {\n            name\n            rentalNetwork {\n              networkId\n            }\n          }\n          rentalVehicle {\n            id\n            network\n          }\n          stop {\n            alerts {\n              alertDescriptionText\n              alertHeaderText\n              alertUrl\n              effectiveStartDate\n              id\n            }\n            code\n            gtfsId\n            id\n            lat\n            lon\n          }\n          vertexType\n        }\n        headsign\n        interlineWithPreviousLeg\n        intermediateStops {\n          lat\n          locationType\n          lon\n          name\n          stopCode: code\n          stopId: id\n        }\n        legGeometry {\n          length\n          points\n        }\n        mode\n        pickupBookingInfo {\n          contactInfo {\n            bookingUrl\n            infoUrl\n            phoneNumber\n          }\n          earliestBookingTime {\n            daysPrior\n            time\n          }\n          latestBookingTime {\n            daysPrior\n            time\n          }\n          message\n        }\n        pickupType\n        realTime\n        realtimeState\n        rentedBike\n        rideHailingEstimate {\n          arrival\n          maxPrice {\n            amount\n            currency {\n              code\n            }\n          }\n          minPrice {\n            amount\n            currency {\n              code\n            }\n          }\n          provider {\n            id\n          }\n        }\n        route {\n          alerts {\n            alertDescriptionText\n            alertHeaderText\n            alertUrl\n            effectiveStartDate\n            id\n          }\n          color\n          gtfsId\n          id: gtfsId\n          longName\n          shortName\n          textColor\n          type\n        }\n        startTime\n        steps {\n          absoluteDirection\n          alerts {\n            alertDescriptionText\n            alertHeaderText\n            alertUrl\n            effectiveStartDate\n            id\n          }\n          area\n          distance\n          elevationProfile {\n            distance\n            elevation\n          }\n          lat\n          lon\n          relativeDirection\n          stayOn\n          streetName\n        }\n        stopCalls {\n          stopLocation {\n            __typename\n          }\n        }\n        to {\n          lat\n          lon\n          name\n          vehicleRentalStation {\n            name\n            rentalNetwork {\n              networkId\n            }\n          }\n          rentalVehicle {\n            id\n            network\n          }\n          stop {\n            alerts {\n              alertDescriptionText\n              alertHeaderText\n              alertUrl\n              effectiveStartDate\n              id\n            }\n            code\n            gtfsId\n            id\n            lat\n            lon\n          }\n          vertexType\n        }\n        transitLeg\n        trip {\n          arrivalStoptime {\n            stop {\n              gtfsId\n              id\n            }\n            stopPosition\n          }\n          blockId\n          departureStoptime {\n            stop {\n              gtfsId\n              id\n            }\n            stopPosition\n          }\n          gtfsId\n          id\n        }\n      }\n      startTime\n      transfers: numberOfTransfers\n      waitingTime\n      walkTime\n    }\n    routingErrors {\n      code\n      description\n      inputField\n    }\n  }\n}\n","variables":{"date":"2026-04-01","time":"20:11","fromPlace":"700 S Whitaker St, Portland::45.49846656993566,-122.67043307496824::GPS","toPlace":"808 SW Campus Dr, Portland::45.499244371292406,-122.68462202551848::Oregon","arriveBy":false,"modes":[{"mode":"BUS"},{"mode":"BICYCLE","qualifier":"RENT"}],"searchWindow":14400,"banned":{},"bikeReluctance":4,"bikeSpeed":3.58,"walkReluctance":4,"walkSpeed":1.34,"allowedVehicleRentalNetworks":["lyft_pdx"],"optimize":"QUICK"}}
--2932a43e-F--
HTTP/1.1 200 OK
Content-Encoding: gzip
Access-Control-Allow-Origin: *
Access-Control-Allow-Credentials: false
Vary: Accept,Accept-Encoding,Accept-Language
Content-Type: application/json
Via: 1.1 ws.trimet.org
Cache-Control: max-age=0
Expires: Wed, 25 Mar 2026 23:29:21 GMT
Access-Control-Allow-Headers: Content-Type, Authorization, x-restler-client-request-url, x-trimet-application-name, x-requested-with
X-Clacks-Overhead: GNU Terry Pratchett
Keep-Alive: timeout=10, max=44
Connection: Keep-Alive
Transfer-Encoding: chunked

--2932a43e-H--
Message: Warning. String match "gtfs/v" at REQUEST_URI. [file "/etc/httpd/conf.d/mod_security.conf"] [line "9"] [id "1000"]
Apache-Error: [file "apache2_util.c"] [line 271] [level 3] [client 172.25.102.10] ModSecurity: Warning. String match "gtfs/v" at REQUEST_URI. [file "/etc/httpd/conf.d/mod_security.conf"] [line "9"] [id "1000"] [hostname "ws.trimet.org"] [uri "/rtp/gtfs/v1"] [unique_id "acRv0fuE-m6J6q80YjWB0gAAADU"]
Apache-Handler: proxy-server
Stopwatch: 1774481361777372 1147816 (- - -)
Stopwatch2: 1774481361777372 1147816; combined=69, p1=0, p2=37, p3=1, p4=0, p5=31, sr=0, sw=0, l=0, gc=0
Producer: ModSecurity for Apache/2.9.6 (http://www.modsecurity.org/).
Server: Apache
Engine-Mode: "ENABLED"

--2932a43e-Z--

--2932a43e-A--
[25/Mar/2026:16:29:22.925092 --0700] acRv0fuE-m6J6q80YjWB0gAAADU 172.25.102.10 63267 172.25.102.30 80
--2932a43e-B--
POST /rtp/gtfs/v1 HTTP/1.1
Host: ws.trimet.org
Connection: keep-alive
Content-Length: 6983
sec-ch-ua-platform: "Android"
User-Agent: Mozilla/5.0 (Linux; Android 16; Pixel 10 Build/CP1A.260305.018; wv) AppleWebKit/537.36 (KHTML, like Gecko) Version/4.0 Chrome/146.0.7680.119 Mobile Safari/537.36 moovel
sec-ch-ua: "Chromium";v="146", "Not-A.Brand";v="24", "Android WebView";v="146"
Content-Type: application/json
sec-ch-ua-mobile: ?1
Accept: */*
Origin: https://trimet.org
X-Requested-With: org.trimet.mt.accounts
Sec-Fetch-Site: same-site
Sec-Fetch-Mode: cors
Sec-Fetch-Dest: empty
Referer: https://trimet.org/
Accept-Encoding: gzip, deflate, br, zstd
Accept-Language: en-US,en;q=0.9
X-Forwarded-For: 172.56.156.185

--2932a43e-C--
{"query":"\n  query Plan(\n    $allowedVehicleRentalNetworks: [String],\n    $arriveBy: Boolean,\n    $banned: InputBanned,\n    $bikeReluctance: Float,\n    $bikeSpeed: Float,\n    $carReluctance: Float,\n    $date: String,\n    $fromPlace: String!,\n    $modes: [TransportMode],\n    $searchWindow: Long,\n    $optimize: OptimizeType,\n    $time: String,\n    $toPlace: String!,\n    $walkReluctance: Float,\n    $walkSpeed: Float\n  ) {\n  plan(\n    allowedVehicleRentalNetworks: $allowedVehicleRentalNetworks\n    arriveBy: $arriveBy\n    banned: $banned\n    bikeReluctance: $bikeReluctance\n    bikeSpeed: $bikeSpeed\n    carReluctance: $carReluctance\n    date: $date\n    fromPlace: $fromPlace\n    locale: \"en\"\n    searchWindow: $searchWindow\n    time: $time\n    toPlace: $toPlace\n    transportModes: $modes\n    optimize: $optimize\n    walkReluctance: $walkReluctance\n    walkSpeed: $walkSpeed\n  ) {\n    itineraries {\n      accessibilityScore\n      walkTime\n      walkDistance\n      duration\n      endTime\n      legs {\n        accessibilityScore\n        agency {\n          alerts {\n            alertDescriptionText\n            alertHeaderText\n            alertUrl\n            effectiveStartDate\n            id\n          }\n          fareUrl\n          gtfsId\n          id: gtfsId\n          name\n          timezone\n          url\n        }\n        alerts {\n          alertDescriptionText\n          alertHeaderText\n          alertUrl\n          effectiveStartDate\n          id\n        }\n        arrivalDelay\n        departureDelay\n        distance\n        dropOffBookingInfo {\n          contactInfo {\n            bookingUrl\n            infoUrl\n            phoneNumber\n          }\n          earliestBookingTime {\n            daysPrior\n            time\n          }\n          latestBookingTime {\n            daysPrior\n            time\n          }\n          message\n        }\n        dropoffType\n        duration\n        endTime\n        fareProducts {\n          id\n          product {\n            __typename\n            id\n            medium {\n              id\n              name\n            }\n            name\n            riderCategory {\n              id\n              name\n            }\n            ... on DefaultFareProduct {\n              price {\n                amount\n                currency {\n                  code\n                  digits\n                }\n              }\n            }\n            ... on DependentFareProduct {\n              dependencies {\n                id\n              }\n              price {\n                amount\n                currency {\n                  code\n                }\n              }\n            }\n          }\n        }\n        from {\n          lat\n          lon\n          name\n          vehicleRentalStation {\n            name\n            rentalNetwork {\n              networkId\n            }\n          }\n          rentalVehicle {\n            id\n            network\n          }\n          stop {\n            alerts {\n              alertDescriptionText\n              alertHeaderText\n              alertUrl\n              effectiveStartDate\n              id\n            }\n            code\n            gtfsId\n            id\n            lat\n            lon\n          }\n          vertexType\n        }\n        headsign\n        interlineWithPreviousLeg\n        intermediateStops {\n          lat\n          locationType\n          lon\n          name\n          stopCode: code\n          stopId: id\n        }\n        legGeometry {\n          length\n          points\n        }\n        mode\n        pickupBookingInfo {\n          contactInfo {\n            bookingUrl\n            infoUrl\n            phoneNumber\n          }\n          earliestBookingTime {\n            daysPrior\n            time\n          }\n          latestBookingTime {\n            daysPrior\n            time\n          }\n          message\n        }\n        pickupType\n        realTime\n        realtimeState\n        rentedBike\n        rideHailingEstimate {\n          arrival\n          maxPrice {\n            amount\n            currency {\n              code\n            }\n          }\n          minPrice {\n            amount\n            currency {\n              code\n            }\n          }\n          provider {\n            id\n          }\n        }\n        route {\n          alerts {\n            alertDescriptionText\n            alertHeaderText\n            alertUrl\n            effectiveStartDate\n            id\n          }\n          color\n          gtfsId\n          id: gtfsId\n          longName\n          shortName\n          textColor\n          type\n        }\n        startTime\n        steps {\n          absoluteDirection\n          alerts {\n            alertDescriptionText\n            alertHeaderText\n            alertUrl\n            effectiveStartDate\n            id\n          }\n          area\n          distance\n          elevationProfile {\n            distance\n            elevation\n          }\n          lat\n          lon\n          relativeDirection\n          stayOn\n          streetName\n        }\n        stopCalls {\n          stopLocation {\n            __typename\n          }\n        }\n        to {\n          lat\n          lon\n          name\n          vehicleRentalStation {\n            name\n            rentalNetwork {\n              networkId\n            }\n          }\n          rentalVehicle {\n            id\n            network\n          }\n          stop {\n            alerts {\n              alertDescriptionText\n              alertHeaderText\n              alertUrl\n              effectiveStartDate\n              id\n            }\n            code\n            gtfsId\n            id\n            lat\n            lon\n          }\n          vertexType\n        }\n        transitLeg\n        trip {\n          arrivalStoptime {\n            stop {\n              gtfsId\n              id\n            }\n            stopPosition\n          }\n          blockId\n          departureStoptime {\n            stop {\n              gtfsId\n              id\n            }\n            stopPosition\n          }\n          gtfsId\n          id\n        }\n      }\n      startTime\n      transfers: numberOfTransfers\n      waitingTime\n      walkTime\n    }\n    routingErrors {\n      code\n      description\n      inputField\n    }\n  }\n}\n","variables":{"date":"2026-04-01","time":"20:11","fromPlace":"800 S Whitaker St, Portland::45.49846656993566,-122.67043307496824::STOP","toPlace":"OHSU Park & Ride, Portland::45.499244371292406,-122.68462202551848::MAP","arriveBy":false,"modes":[{"mode":"BUS"},{"mode":"BICYCLE","qualifier":"RENT"}],"searchWindow":14400,"banned":{},"bikeReluctance":4,"bikeSpeed":3.58,"walkReluctance":4,"walkSpeed":1.34,"allowedVehicleRentalNetworks":["lyft_pdx"],"optimize":"QUICK"}}
--2932a43e-F--
HTTP/1.1 200 OK
Content-Encoding: gzip
Access-Control-Allow-Origin: *
Access-Control-Allow-Credentials: false
Vary: Accept,Accept-Encoding,Accept-Language
Content-Type: application/json
Via: 1.1 ws.trimet.org
Cache-Control: max-age=0
Expires: Wed, 25 Mar 2026 23:29:21 GMT
Access-Control-Allow-Headers: Content-Type, Authorization, x-restler-client-request-url, x-trimet-application-name, x-requested-with
X-Clacks-Overhead: GNU Terry Pratchett
Keep-Alive: timeout=10, max=44
Connection: Keep-Alive
Transfer-Encoding: chunked

--2932a43e-H--
Message: Warning. String match "gtfs/v" at REQUEST_URI. [file "/etc/httpd/conf.d/mod_security.conf"] [line "9"] [id "1000"]
Apache-Error: [file "apache2_util.c"] [line 271] [level 3] [client 172.25.102.10] ModSecurity: Warning. String match "gtfs/v" at REQUEST_URI. [file "/etc/httpd/conf.d/mod_security.conf"] [line "9"] [id "1000"] [hostname "ws.trimet.org"] [uri "/rtp/gtfs/v1"] [unique_id "acRv0fuE-m6J6q80YjWB0gAAADU"]
Apache-Handler: proxy-server
Stopwatch: 1774481361777372 1147816 (- - -)
Stopwatch2: 1774481361777372 1147816; combined=69, p1=0, p2=37, p3=1, p4=0, p5=31, sr=0, sw=0, l=0, gc=0
Producer: ModSecurity for Apache/2.9.6 (http://www.modsecurity.org/).
Server: Apache
Engine-Mode: "ENABLED"

--2932a43e-Z--

--2932a43e-A--
[25/Mar/2026:16:29:22.925092 --0700] acRv0fuE-m6J6q80YjWB0gAAADU 172.25.102.10 63267 172.25.102.30 80
--2932a43e-B--
POST /rtp/gtfs/v1 HTTP/1.1
Host: ws.trimet.org
Connection: keep-alive
Content-Length: 6983
sec-ch-ua-platform: "Android"
User-Agent: Mozilla/5.0 (Linux; Android 16; Pixel 10 Build/CP1A.260305.018; wv) AppleWebKit/537.36 (KHTML, like Gecko) Version/4.0 Chrome/146.0.7680.119 Mobile Safari/537.36 moovel
sec-ch-ua: "Chromium";v="146", "Not-A.Brand";v="24", "Android WebView";v="146"
Content-Type: application/json
sec-ch-ua-mobile: ?1
Accept: */*
Origin: https://trimet.org
X-Requested-With: org.trimet.mt.accounts
Sec-Fetch-Site: same-site
Sec-Fetch-Mode: cors
Sec-Fetch-Dest: empty
Referer: https://trimet.org/
Accept-Encoding: gzip, deflate, br, zstd
Accept-Language: en-US,en;q=0.9
X-Forwarded-For: 172.56.156.185

--2932a43e-C--
{"query":"\n  query Plan(\n    $allowedVehicleRentalNetworks: [String],\n    $arriveBy: Boolean,\n    $banned: InputBanned,\n    $bikeReluctance: Float,\n    $bikeSpeed: Float,\n    $carReluctance: Float,\n    $date: String,\n    $fromPlace: String!,\n    $modes: [TransportMode],\n    $searchWindow: Long,\n    $optimize: OptimizeType,\n    $time: String,\n    $toPlace: String!,\n    $walkReluctance: Float,\n    $walkSpeed: Float\n  ) {\n  plan(\n    allowedVehicleRentalNetworks: $allowedVehicleRentalNetworks\n    arriveBy: $arriveBy\n    banned: $banned\n    bikeReluctance: $bikeReluctance\n    bikeSpeed: $bikeSpeed\n    carReluctance: $carReluctance\n    date: $date\n    fromPlace: $fromPlace\n    locale: \"en\"\n    searchWindow: $searchWindow\n    time: $time\n    toPlace: $toPlace\n    transportModes: $modes\n    optimize: $optimize\n    walkReluctance: $walkReluctance\n    walkSpeed: $walkSpeed\n  ) {\n    itineraries {\n      accessibilityScore\n      walkTime\n      walkDistance\n      duration\n      endTime\n      legs {\n        accessibilityScore\n        agency {\n          alerts {\n            alertDescriptionText\n            alertHeaderText\n            alertUrl\n            effectiveStartDate\n            id\n          }\n          fareUrl\n          gtfsId\n          id: gtfsId\n          name\n          timezone\n          url\n        }\n        alerts {\n          alertDescriptionText\n          alertHeaderText\n          alertUrl\n          effectiveStartDate\n          id\n        }\n        arrivalDelay\n        departureDelay\n        distance\n        dropOffBookingInfo {\n          contactInfo {\n            bookingUrl\n            infoUrl\n            phoneNumber\n          }\n          earliestBookingTime {\n            daysPrior\n            time\n          }\n          latestBookingTime {\n            daysPrior\n            time\n          }\n          message\n        }\n        dropoffType\n        duration\n        endTime\n        fareProducts {\n          id\n          product {\n            __typename\n            id\n            medium {\n              id\n              name\n            }\n            name\n            riderCategory {\n              id\n              name\n            }\n            ... on DefaultFareProduct {\n              price {\n                amount\n                currency {\n                  code\n                  digits\n                }\n              }\n            }\n            ... on DependentFareProduct {\n              dependencies {\n                id\n              }\n              price {\n                amount\n                currency {\n                  code\n                }\n              }\n            }\n          }\n        }\n        from {\n          lat\n          lon\n          name\n          vehicleRentalStation {\n            name\n            rentalNetwork {\n              networkId\n            }\n          }\n          rentalVehicle {\n            id\n            network\n          }\n          stop {\n            alerts {\n              alertDescriptionText\n              alertHeaderText\n              alertUrl\n              effectiveStartDate\n              id\n            }\n            code\n            gtfsId\n            id\n            lat\n            lon\n          }\n          vertexType\n        }\n        headsign\n        interlineWithPreviousLeg\n        intermediateStops {\n          lat\n          locationType\n          lon\n          name\n          stopCode: code\n          stopId: id\n        }\n        legGeometry {\n          length\n          points\n        }\n        mode\n        pickupBookingInfo {\n          contactInfo {\n            bookingUrl\n            infoUrl\n            phoneNumber\n          }\n          earliestBookingTime {\n            daysPrior\n            time\n          }\n          latestBookingTime {\n            daysPrior\n            time\n          }\n          message\n        }\n        pickupType\n        realTime\n        realtimeState\n        rentedBike\n        rideHailingEstimate {\n          arrival\n          maxPrice {\n            amount\n            currency {\n              code\n            }\n          }\n          minPrice {\n            amount\n            currency {\n              code\n            }\n          }\n          provider {\n            id\n          }\n        }\n        route {\n          alerts {\n            alertDescriptionText\n            alertHeaderText\n            alertUrl\n            effectiveStartDate\n            id\n          }\n          color\n          gtfsId\n          id: gtfsId\n          longName\n          shortName\n          textColor\n          type\n        }\n        startTime\n        steps {\n          absoluteDirection\n          alerts {\n            alertDescriptionText\n            alertHeaderText\n            alertUrl\n            effectiveStartDate\n            id\n          }\n          area\n          distance\n          elevationProfile {\n            distance\n            elevation\n          }\n          lat\n          lon\n          relativeDirection\n          stayOn\n          streetName\n        }\n        stopCalls {\n          stopLocation {\n            __typename\n          }\n        }\n        to {\n          lat\n          lon\n          name\n          vehicleRentalStation {\n            name\n            rentalNetwork {\n              networkId\n            }\n          }\n          rentalVehicle {\n            id\n            network\n          }\n          stop {\n            alerts {\n              alertDescriptionText\n              alertHeaderText\n              alertUrl\n              effectiveStartDate\n              id\n            }\n            code\n            gtfsId\n            id\n            lat\n            lon\n          }\n          vertexType\n        }\n        transitLeg\n        trip {\n          arrivalStoptime {\n            stop {\n              gtfsId\n              id\n            }\n            stopPosition\n          }\n          blockId\n          departureStoptime {\n            stop {\n              gtfsId\n              id\n            }\n            stopPosition\n          }\n          gtfsId\n          id\n        }\n      }\n      startTime\n      transfers: numberOfTransfers\n      waitingTime\n      walkTime\n    }\n    routingErrors {\n      code\n      description\n      inputField\n    }\n  }\n}\n","variables":{"date":"2026-04-01","time":"20:11","fromPlace":"700 S Whitaker St, Portland::45.49846656993566,-122.67043307496824::GPS","toPlace":"OHSU Park & Ride, Portland::45.499244371292406,-122.68462202551848::MAP","arriveBy":false,"modes":[{"mode":"BUS"},{"mode":"BICYCLE","qualifier":"RENT"}],"searchWindow":14400,"banned":{},"bikeReluctance":4,"bikeSpeed":3.58,"walkReluctance":4,"walkSpeed":1.34,"allowedVehicleRentalNetworks":["lyft_pdx"],"optimize":"QUICK"}}
--2932a43e-F--
HTTP/1.1 200 OK
Content-Encoding: gzip
Access-Control-Allow-Origin: *
Access-Control-Allow-Credentials: false
Vary: Accept,Accept-Encoding,Accept-Language
Content-Type: application/json
Via: 1.1 ws.trimet.org
Cache-Control: max-age=0
Expires: Wed, 25 Mar 2026 23:29:21 GMT
Access-Control-Allow-Headers: Content-Type, Authorization, x-restler-client-request-url, x-trimet-application-name, x-requested-with
X-Clacks-Overhead: GNU Terry Pratchett
Keep-Alive: timeout=10, max=44
Connection: Keep-Alive
Transfer-Encoding: chunked

--2932a43e-H--
Message: Warning. String match "gtfs/v" at REQUEST_URI. [file "/etc/httpd/conf.d/mod_security.conf"] [line "9"] [id "1000"]
Apache-Error: [file "apache2_util.c"] [line 271] [level 3] [client 172.25.102.10] ModSecurity: Warning. String match "gtfs/v" at REQUEST_URI. [file "/etc/httpd/conf.d/mod_security.conf"] [line "9"] [id "1000"] [hostname "ws.trimet.org"] [uri "/rtp/gtfs/v1"] [unique_id "acRv0fuE-m6J6q80YjWB0gAAADU"]
Apache-Handler: proxy-server
Stopwatch: 1774481361777372 1147816 (- - -)
Stopwatch2: 1774481361777372 1147816; combined=69, p1=0, p2=37, p3=1, p4=0, p5=31, sr=0, sw=0, l=0, gc=0
Producer: ModSecurity for Apache/2.9.6 (http://www.modsecurity.org/).
Server: Apache
Engine-Mode: "ENABLED"

--2932a43e-Z--

--2932a43e-A--
[25/Mar/2026:16:29:22.925092 --0700] acRv0fuE-m6J6q80YjWB0gAAADU 172.25.102.10 63267 172.25.102.30 80
--2932a43e-B--
POST /rtp/gtfs/v1 HTTP/1.1
Host: ws.trimet.org
Connection: keep-alive
Content-Length: 6983
sec-ch-ua-platform: "Android"
User-Agent: Mozilla/5.0 (Linux; Android 16; Pixel 10 Build/CP1A.260305.018; wv) AppleWebKit/537.36 (KHTML, like Gecko) Version/4.0 Chrome/146.0.7680.119 Mobile Safari/537.36 moovel
sec-ch-ua: "Chromium";v="146", "Not-A.Brand";v="24", "Android WebView";v="146"
Content-Type: application/json
sec-ch-ua-mobile: ?1
Accept: */*
Origin: https://trimet.org
X-Requested-With: org.trimet.mt.accounts
Sec-Fetch-Site: same-site
Sec-Fetch-Mode: cors
Sec-Fetch-Dest: empty
Referer: https://trimet.org/
Accept-Encoding: gzip, deflate, br, zstd
Accept-Language: en-US,en;q=0.9
X-Forwarded-For: 172.56.156.185

--2932a43e-C--
{"query":"\n  query Plan(\n    $allowedVehicleRentalNetworks: [String],\n    $arriveBy: Boolean,\n    $banned: InputBanned,\n    $bikeReluctance: Float,\n    $bikeSpeed: Float,\n    $carReluctance: Float,\n    $date: String,\n    $fromPlace: String!,\n    $modes: [TransportMode],\n    $searchWindow: Long,\n    $optimize: OptimizeType,\n    $time: String,\n    $toPlace: String!,\n    $walkReluctance: Float,\n    $walkSpeed: Float\n  ) {\n  plan(\n    allowedVehicleRentalNetworks: $allowedVehicleRentalNetworks\n    arriveBy: $arriveBy\n    banned: $banned\n    bikeReluctance: $bikeReluctance\n    bikeSpeed: $bikeSpeed\n    carReluctance: $carReluctance\n    date: $date\n    fromPlace: $fromPlace\n    locale: \"en\"\n    searchWindow: $searchWindow\n    time: $time\n    toPlace: $toPlace\n    transportModes: $modes\n    optimize: $optimize\n    walkReluctance: $walkReluctance\n    walkSpeed: $walkSpeed\n  ) {\n    itineraries {\n      accessibilityScore\n      walkTime\n      walkDistance\n      duration\n      endTime\n      legs {\n        accessibilityScore\n        agency {\n          alerts {\n            alertDescriptionText\n            alertHeaderText\n            alertUrl\n            effectiveStartDate\n            id\n          }\n          fareUrl\n          gtfsId\n          id: gtfsId\n          name\n          timezone\n          url\n        }\n        alerts {\n          alertDescriptionText\n          alertHeaderText\n          alertUrl\n          effectiveStartDate\n          id\n        }\n        arrivalDelay\n        departureDelay\n        distance\n        dropOffBookingInfo {\n          contactInfo {\n            bookingUrl\n            infoUrl\n            phoneNumber\n          }\n          earliestBookingTime {\n            daysPrior\n            time\n          }\n          latestBookingTime {\n            daysPrior\n            time\n          }\n          message\n        }\n        dropoffType\n        duration\n        endTime\n        fareProducts {\n          id\n          product {\n            __typename\n            id\n            medium {\n              id\n              name\n            }\n            name\n            riderCategory {\n              id\n              name\n            }\n            ... on DefaultFareProduct {\n              price {\n                amount\n                currency {\n                  code\n                  digits\n                }\n              }\n            }\n            ... on DependentFareProduct {\n              dependencies {\n                id\n              }\n              price {\n                amount\n                currency {\n                  code\n                }\n              }\n            }\n          }\n        }\n        from {\n          lat\n          lon\n          name\n          vehicleRentalStation {\n            name\n            rentalNetwork {\n              networkId\n            }\n          }\n          rentalVehicle {\n            id\n            network\n          }\n          stop {\n            alerts {\n              alertDescriptionText\n              alertHeaderText\n              alertUrl\n              effectiveStartDate\n              id\n            }\n            code\n            gtfsId\n            id\n            lat\n            lon\n          }\n          vertexType\n        }\n        headsign\n        interlineWithPreviousLeg\n        intermediateStops {\n          lat\n          locationType\n          lon\n          name\n          stopCode: code\n          stopId: id\n        }\n        legGeometry {\n          length\n          points\n        }\n        mode\n        pickupBookingInfo {\n          contactInfo {\n            bookingUrl\n            infoUrl\n            phoneNumber\n          }\n          earliestBookingTime {\n            daysPrior\n            time\n          }\n          latestBookingTime {\n            daysPrior\n            time\n          }\n          message\n        }\n        pickupType\n        realTime\n        realtimeState\n        rentedBike\n        rideHailingEstimate {\n          arrival\n          maxPrice {\n            amount\n            currency {\n              code\n            }\n          }\n          minPrice {\n            amount\n            currency {\n              code\n            }\n          }\n          provider {\n            id\n          }\n        }\n        route {\n          alerts {\n            alertDescriptionText\n            alertHeaderText\n            alertUrl\n            effectiveStartDate\n            id\n          }\n          color\n          gtfsId\n          id: gtfsId\n          longName\n          shortName\n          textColor\n          type\n        }\n        startTime\n        steps {\n          absoluteDirection\n          alerts {\n            alertDescriptionText\n            alertHeaderText\n            alertUrl\n            effectiveStartDate\n            id\n          }\n          area\n          distance\n          elevationProfile {\n            distance\n            elevation\n          }\n          lat\n          lon\n          relativeDirection\n          stayOn\n          streetName\n        }\n        stopCalls {\n          stopLocation {\n            __typename\n          }\n        }\n        to {\n          lat\n          lon\n          name\n          vehicleRentalStation {\n            name\n            rentalNetwork {\n              networkId\n            }\n          }\n          rentalVehicle {\n            id\n            network\n          }\n          stop {\n            alerts {\n              alertDescriptionText\n              alertHeaderText\n              alertUrl\n              effectiveStartDate\n              id\n            }\n            code\n            gtfsId\n            id\n            lat\n            lon\n          }\n          vertexType\n        }\n        transitLeg\n        trip {\n          arrivalStoptime {\n            stop {\n              gtfsId\n              id\n            }\n            stopPosition\n          }\n          blockId\n          departureStoptime {\n            stop {\n              gtfsId\n              id\n            }\n            stopPosition\n          }\n          gtfsId\n          id\n        }\n      }\n      startTime\n      transfers: numberOfTransfers\n      waitingTime\n      walkTime\n    }\n    routingErrors {\n      code\n      description\n      inputField\n    }\n  }\n}\n","variables":{"date":"2026-04-01","time":"20:11","fromPlace":"700 S Whitaker St, Portland::45.49846656993566,-122.67043307496824::GPS","toPlace":"OHSU, Portland::45.499244371292406,-122.68462202551848::STOP","arriveBy":false,"modes":[{"mode":"BUS"},{"mode":"BICYCLE","qualifier":"RENT"}],"searchWindow":14400,"banned":{},"bikeReluctance":4,"bikeSpeed":3.58,"walkReluctance":4,"walkSpeed":1.34,"allowedVehicleRentalNetworks":["lyft_pdx"],"optimize":"QUICK"}}
--2932a43e-F--
HTTP/1.1 200 OK
Content-Encoding: gzip
Access-Control-Allow-Origin: *
Access-Control-Allow-Credentials: false
Vary: Accept,Accept-Encoding,Accept-Language
Content-Type: application/json
Via: 1.1 ws.trimet.org
Cache-Control: max-age=0
Expires: Wed, 25 Mar 2026 23:29:21 GMT
Access-Control-Allow-Headers: Content-Type, Authorization, x-restler-client-request-url, x-trimet-application-name, x-requested-with
X-Clacks-Overhead: GNU Terry Pratchett
Keep-Alive: timeout=10, max=44
Connection: Keep-Alive
Transfer-Encoding: chunked

--2932a43e-H--
Message: Warning. String match "gtfs/v" at REQUEST_URI. [file "/etc/httpd/conf.d/mod_security.conf"] [line "9"] [id "1000"]
Apache-Error: [file "apache2_util.c"] [line 271] [level 3] [client 172.25.102.10] ModSecurity: Warning. String match "gtfs/v" at REQUEST_URI. [file "/etc/httpd/conf.d/mod_security.conf"] [line "9"] [id "1000"] [hostname "ws.trimet.org"] [uri "/rtp/gtfs/v1"] [unique_id "acRv0fuE-m6J6q80YjWB0gAAADU"]
Apache-Handler: proxy-server
Stopwatch: 1774481361777372 1147816 (- - -)
Stopwatch2: 1774481361777372 1147816; combined=69, p1=0, p2=37, p3=1, p4=0, p5=31, sr=0, sw=0, l=0, gc=0
Producer: ModSecurity for Apache/2.9.6 (http://www.modsecurity.org/).
Server: Apache
Engine-Mode: "ENABLED"

--2932a43e-Z--

--2932a43e-A--
[25/Mar/2026:16:29:22.925092 --0700] acRv0fuE-m6J6q80YjWB0gAAADU 172.25.102.10 63267 172.25.102.30 80
--2932a43e-B--
POST /rtp/gtfs/v1 HTTP/1.1
Host: ws.trimet.org
Connection: keep-alive
Content-Length: 6983
sec-ch-ua-platform: "Android"
User-Agent: Mozilla/5.0 (Linux; Android 16; Pixel 10 Build/CP1A.260305.018; wv) AppleWebKit/537.36 (KHTML, like Gecko) Version/4.0 Chrome/146.0.7680.119 Mobile Safari/537.36 moovel
sec-ch-ua: "Chromium";v="146", "Not-A.Brand";v="24", "Android WebView";v="146"
Content-Type: application/json
sec-ch-ua-mobile: ?1
Accept: */*
Origin: https://trimet.org
X-Requested-With: org.trimet.mt.accounts
Sec-Fetch-Site: same-site
Sec-Fetch-Mode: cors
Sec-Fetch-Dest: empty
Referer: https://trimet.org/
Accept-Encoding: gzip, deflate, br, zstd
Accept-Language: en-US,en;q=0.9
X-Forwarded-For: 172.56.156.185

--2932a43e-C--
{"query":"\n  query Plan(\n    $allowedVehicleRentalNetworks: [String],\n    $arriveBy: Boolean,\n    $banned: InputBanned,\n    $bikeReluctance: Float,\n    $bikeSpeed: Float,\n    $carReluctance: Float,\n    $date: String,\n    $fromPlace: String!,\n    $modes: [TransportMode],\n    $searchWindow: Long,\n    $optimize: OptimizeType,\n    $time: String,\n    $toPlace: String!,\n    $walkReluctance: Float,\n    $walkSpeed: Float\n  ) {\n  plan(\n    allowedVehicleRentalNetworks: $allowedVehicleRentalNetworks\n    arriveBy: $arriveBy\n    banned: $banned\n    bikeReluctance: $bikeReluctance\n    bikeSpeed: $bikeSpeed\n    carReluctance: $carReluctance\n    date: $date\n    fromPlace: $fromPlace\n    locale: \"en\"\n    searchWindow: $searchWindow\n    time: $time\n    toPlace: $toPlace\n    transportModes: $modes\n    optimize: $optimize\n    walkReluctance: $walkReluctance\n    walkSpeed: $walkSpeed\n  ) {\n    itineraries {\n      accessibilityScore\n      walkTime\n      walkDistance\n      duration\n      endTime\n      legs {\n        accessibilityScore\n        agency {\n          alerts {\n            alertDescriptionText\n            alertHeaderText\n            alertUrl\n            effectiveStartDate\n            id\n          }\n          fareUrl\n          gtfsId\n          id: gtfsId\n          name\n          timezone\n          url\n        }\n        alerts {\n          alertDescriptionText\n          alertHeaderText\n          alertUrl\n          effectiveStartDate\n          id\n        }\n        arrivalDelay\n        departureDelay\n        distance\n        dropOffBookingInfo {\n          contactInfo {\n            bookingUrl\n            infoUrl\n            phoneNumber\n          }\n          earliestBookingTime {\n            daysPrior\n            time\n          }\n          latestBookingTime {\n            daysPrior\n            time\n          }\n          message\n        }\n        dropoffType\n        duration\n        endTime\n        fareProducts {\n          id\n          product {\n            __typename\n            id\n            medium {\n              id\n              name\n            }\n            name\n            riderCategory {\n              id\n              name\n            }\n            ... on DefaultFareProduct {\n              price {\n                amount\n                currency {\n                  code\n                  digits\n                }\n              }\n            }\n            ... on DependentFareProduct {\n              dependencies {\n                id\n              }\n              price {\n                amount\n                currency {\n                  code\n                }\n              }\n            }\n          }\n        }\n        from {\n          lat\n          lon\n          name\n          vehicleRentalStation {\n            name\n            rentalNetwork {\n              networkId\n            }\n          }\n          rentalVehicle {\n            id\n            network\n          }\n          stop {\n            alerts {\n              alertDescriptionText\n              alertHeaderText\n              alertUrl\n              effectiveStartDate\n              id\n            }\n            code\n            gtfsId\n            id\n            lat\n            lon\n          }\n          vertexType\n        }\n        headsign\n        interlineWithPreviousLeg\n        intermediateStops {\n          lat\n          locationType\n          lon\n          name\n          stopCode: code\n          stopId: id\n        }\n        legGeometry {\n          length\n          points\n        }\n        mode\n        pickupBookingInfo {\n          contactInfo {\n            bookingUrl\n            infoUrl\n            phoneNumber\n          }\n          earliestBookingTime {\n            daysPrior\n            time\n          }\n          latestBookingTime {\n            daysPrior\n            time\n          }\n          message\n        }\n        pickupType\n        realTime\n        realtimeState\n        rentedBike\n        rideHailingEstimate {\n          arrival\n          maxPrice {\n            amount\n            currency {\n              code\n            }\n          }\n          minPrice {\n            amount\n            currency {\n              code\n            }\n          }\n          provider {\n            id\n          }\n        }\n        route {\n          alerts {\n            alertDescriptionText\n            alertHeaderText\n            alertUrl\n            effectiveStartDate\n            id\n          }\n          color\n          gtfsId\n          id: gtfsId\n          longName\n          shortName\n          textColor\n          type\n        }\n        startTime\n        steps {\n          absoluteDirection\n          alerts {\n            alertDescriptionText\n            alertHeaderText\n            alertUrl\n            effectiveStartDate\n            id\n          }\n          area\n          distance\n          elevationProfile {\n            distance\n            elevation\n          }\n          lat\n          lon\n          relativeDirection\n          stayOn\n          streetName\n        }\n        stopCalls {\n          stopLocation {\n            __typename\n          }\n        }\n        to {\n          lat\n          lon\n          name\n          vehicleRentalStation {\n            name\n            rentalNetwork {\n              networkId\n            }\n          }\n          rentalVehicle {\n            id\n            network\n          }\n          stop {\n            alerts {\n              alertDescriptionText\n              alertHeaderText\n              alertUrl\n              effectiveStartDate\n              id\n            }\n            code\n            gtfsId\n            id\n            lat\n            lon\n          }\n          vertexType\n        }\n        transitLeg\n        trip {\n          arrivalStoptime {\n            stop {\n              gtfsId\n              id\n            }\n            stopPosition\n          }\n          blockId\n          departureStoptime {\n            stop {\n              gtfsId\n              id\n            }\n            stopPosition\n          }\n          gtfsId\n          id\n        }\n      }\n      startTime\n      transfers: numberOfTransfers\n      waitingTime\n      walkTime\n    }\n    routingErrors {\n      code\n      description\n      inputField\n    }\n  }\n}\n","variables":{"date":"2026-04-01","time":"20:11","fromPlace":"Whitaker Stop, Portland::45.49846656993566,-122.67043307496824::STOP","toPlace":"Campus Stop, Portland::45.499244371292406,-122.68462202551848::STOP","arriveBy":false,"modes":[{"mode":"BUS"},{"mode":"BICYCLE","qualifier":"RENT"}],"searchWindow":14400,"banned":{},"bikeReluctance":4,"bikeSpeed":3.58,"walkReluctance":4,"walkSpeed":1.34,"allowedVehicleRentalNetworks":["lyft_pdx"],"optimize":"QUICK"}}
--2932a43e-F--
HTTP/1.1 200 OK
Content-Encoding: gzip
Access-Control-Allow-Origin: *
Access-Control-Allow-Credentials: false
Vary: Accept,Accept-Encoding,Accept-Language
Content-Type: application/json
Via: 1.1 ws.trimet.org
Cache-Control: max-age=0
Expires: Wed, 25 Mar 2026 23:29:21 GMT
Access-Control-Allow-Headers: Content-Type, Authorization, x-restler-client-request-url, x-trimet-application-name, x-requested-with
X-Clacks-Overhead: GNU Terry Pratchett
Keep-Alive: timeout=10, max=44
Connection: Keep-Alive
Transfer-Encoding: chunked

--2932a43e-H--
Message: Warning. String match "gtfs/v" at REQUEST_URI. [file "/etc/httpd/conf.d/mod_security.conf"] [line "9"] [id "1000"]
Apache-Error: [file "apache2_util.c"] [line 271] [level 3] [client 172.25.102.10] ModSecurity: Warning. String match "gtfs/v" at REQUEST_URI. [file "/etc/httpd/conf.d/mod_security.conf"] [line "9"] [id "1000"] [hostname "ws.trimet.org"] [uri "/rtp/gtfs/v1"] [unique_id "acRv0fuE-m6J6q80YjWB0gAAADU"]
Apache-Handler: proxy-server
Stopwatch: 1774481361777372 1147816 (- - -)
Stopwatch2: 1774481361777372 1147816; combined=69, p1=0, p2=37, p3=1, p4=0, p5=31, sr=0, sw=0, l=0, gc=0
Producer: ModSecurity for Apache/2.9.6 (http://www.modsecurity.org/).
Server: Apache
Engine-Mode: "ENABLED"

--2932a43e-Z--

--2932a43e-A--
[25/Mar/2026:16:29:22.925092 --0700] acRv0fuE-m6J6q80YjWB0gAAADU 172.25.102.10 63267 172.25.102.30 80
--2932a43e-B--
POST /rtp/gtfs/v1 HTTP/1.1
Host: ws.trimet.org
Connection: keep-alive
Content-Length: 6983
sec-ch-ua-platform: "Android"
User-Agent: Mozilla/5.0 (Linux; Android 16; Pixel 10 Build/CP1A.260305.018; wv) AppleWebKit/537.36 (KHTML, like Gecko) Version/4.0 Chrome/146.0.7680.119 Mobile Safari/537.36 moovel
sec-ch-ua: "Chromium";v="146", "Not-A.Brand";v="24", "Android WebView";v="146"
Content-Type: application/json
sec-ch-ua-mobile: ?1
Accept: */*
Origin: https://trimet.org
X-Requested-With: org.trimet.mt.accounts
Sec-Fetch-Site: same-site
Sec-Fetch-Mode: cors
Sec-Fetch-Dest: empty
Referer: https://trimet.org/
Accept-Encoding: gzip, deflate, br, zstd
Accept-Language: en-US,en;q=0.9
X-Forwarded-For: 172.56.156.185

--2932a43e-C--
{"query":"\n  query Plan(\n    $allowedVehicleRentalNetworks: [String],\n    $arriveBy: Boolean,\n    $banned: InputBanned,\n    $bikeReluctance: Float,\n    $bikeSpeed: Float,\n    $carReluctance: Float,\n    $date: String,\n    $fromPlace: String!,\n    $modes: [TransportMode],\n    $searchWindow: Long,\n    $optimize: OptimizeType,\n    $time: String,\n    $toPlace: String!,\n    $walkReluctance: Float,\n    $walkSpeed: Float\n  ) {\n  plan(\n    allowedVehicleRentalNetworks: $allowedVehicleRentalNetworks\n    arriveBy: $arriveBy\n    banned: $banned\n    bikeReluctance: $bikeReluctance\n    bikeSpeed: $bikeSpeed\n    carReluctance: $carReluctance\n    date: $date\n    fromPlace: $fromPlace\n    locale: \"en\"\n    searchWindow: $searchWindow\n    time: $time\n    toPlace: $toPlace\n    transportModes: $modes\n    optimize: $optimize\n    walkReluctance: $walkReluctance\n    walkSpeed: $walkSpeed\n  ) {\n    itineraries {\n      accessibilityScore\n      walkTime\n      walkDistance\n      duration\n      endTime\n      legs {\n        accessibilityScore\n        agency {\n          alerts {\n            alertDescriptionText\n            alertHeaderText\n            alertUrl\n            effectiveStartDate\n            id\n          }\n          fareUrl\n          gtfsId\n          id: gtfsId\n          name\n          timezone\n          url\n        }\n        alerts {\n          alertDescriptionText\n          alertHeaderText\n          alertUrl\n          effectiveStartDate\n          id\n        }\n        arrivalDelay\n        departureDelay\n        distance\n        dropOffBookingInfo {\n          contactInfo {\n            bookingUrl\n            infoUrl\n            phoneNumber\n          }\n          earliestBookingTime {\n            daysPrior\n            time\n          }\n          latestBookingTime {\n            daysPrior\n            time\n          }\n          message\n        }\n        dropoffType\n        duration\n        endTime\n        fareProducts {\n          id\n          product {\n            __typename\n            id\n            medium {\n              id\n              name\n            }\n            name\n            riderCategory {\n              id\n              name\n            }\n            ... on DefaultFareProduct {\n              price {\n                amount\n                currency {\n                  code\n                  digits\n                }\n              }\n            }\n            ... on DependentFareProduct {\n              dependencies {\n                id\n              }\n              price {\n                amount\n                currency {\n                  code\n                }\n              }\n            }\n          }\n        }\n        from {\n          lat\n          lon\n          name\n          vehicleRentalStation {\n            name\n            rentalNetwork {\n              networkId\n            }\n          }\n          rentalVehicle {\n            id\n            network\n          }\n          stop {\n            alerts {\n              alertDescriptionText\n              alertHeaderText\n              alertUrl\n              effectiveStartDate\n              id\n            }\n            code\n            gtfsId\n            id\n            lat\n            lon\n          }\n          vertexType\n        }\n        headsign\n        interlineWithPreviousLeg\n        intermediateStops {\n          lat\n          locationType\n          lon\n          name\n          stopCode: code\n          stopId: id\n        }\n        legGeometry {\n          length\n          points\n        }\n        mode\n        pickupBookingInfo {\n          contactInfo {\n            bookingUrl\n            infoUrl\n            phoneNumber\n          }\n          earliestBookingTime {\n            daysPrior\n            time\n          }\n          latestBookingTime {\n            daysPrior\n            time\n          }\n          message\n        }\n        pickupType\n        realTime\n        realtimeState\n        rentedBike\n        rideHailingEstimate {\n          arrival\n          maxPrice {\n            amount\n            currency {\n              code\n            }\n          }\n          minPrice {\n            amount\n            currency {\n              code\n            }\n          }\n          provider {\n            id\n          }\n        }\n        route {\n          alerts {\n            alertDescriptionText\n            alertHeaderText\n            alertUrl\n            effectiveStartDate\n            id\n          }\n          color\n          gtfsId\n          id: gtfsId\n          longName\n          shortName\n          textColor\n          type\n        }\n        startTime\n        steps {\n          absoluteDirection\n          alerts {\n            alertDescriptionText\n            alertHeaderText\n            alertUrl\n            effectiveStartDate\n            id\n          }\n          area\n          distance\n          elevationProfile {\n            distance\n            elevation\n          }\n          lat\n          lon\n          relativeDirection\n          stayOn\n          streetName\n        }\n        stopCalls {\n          stopLocation {\n            __typename\n          }\n        }\n        to {\n          lat\n          lon\n          name\n          vehicleRentalStation {\n            name\n            rentalNetwork {\n              networkId\n            }\n          }\n          rentalVehicle {\n            id\n            network\n          }\n          stop {\n            alerts {\n              alertDescriptionText\n              alertHeaderText\n              alertUrl\n              effectiveStartDate\n              id\n            }\n            code\n            gtfsId\n            id\n            lat\n            lon\n          }\n          vertexType\n        }\n        transitLeg\n        trip {\n          arrivalStoptime {\n            stop {\n              gtfsId\n              id\n            }\n            stopPosition\n          }\n          blockId\n          departureStoptime {\n            stop {\n              gtfsId\n              id\n            }\n            stopPosition\n          }\n          gtfsId\n          id\n        }\n      }\n      startTime\n      transfers: numberOfTransfers\n      waitingTime\n      walkTime\n    }\n    routingErrors {\n      code\n      description\n      inputField\n    }\n  }\n}\n","variables":{"date":"2026-04-01","time":"20:11","fromPlace":"Whit PR, Portland::45.49846656993566,-122.6704330749682::PR","toPlace":"Campus Park & Ride, Portland::45.499244371292406,-122.68462202551848::MAP","arriveBy":false,"modes":[{"mode":"BUS"},{"mode":"CAR","qualifier":"PARK"}],"searchWindow":14400,"banned":{},"bikeReluctance":4,"bikeSpeed":3.58,"walkReluctance":4,"walkSpeed":1.34,"allowedVehicleRentalNetworks":["lyft_pdx"],"optimize":"QUICK"}}
--2932a43e-F--
HTTP/1.1 200 OK
Content-Encoding: gzip
Access-Control-Allow-Origin: *
Access-Control-Allow-Credentials: false
Vary: Accept,Accept-Encoding,Accept-Language
Content-Type: application/json
Via: 1.1 ws.trimet.org
Cache-Control: max-age=0
Expires: Wed, 25 Mar 2026 23:29:21 GMT
Access-Control-Allow-Headers: Content-Type, Authorization, x-restler-client-request-url, x-trimet-application-name, x-requested-with
X-Clacks-Overhead: GNU Terry Pratchett
Keep-Alive: timeout=10, max=44
Connection: Keep-Alive
Transfer-Encoding: chunked

--2932a43e-H--
Message: Warning. String match "gtfs/v" at REQUEST_URI. [file "/etc/httpd/conf.d/mod_security.conf"] [line "9"] [id "1000"]
Apache-Error: [file "apache2_util.c"] [line 271] [level 3] [client 172.25.102.10] ModSecurity: Warning. String match "gtfs/v" at REQUEST_URI. [file "/etc/httpd/conf.d/mod_security.conf"] [line "9"] [id "1000"] [hostname "ws.trimet.org"] [uri "/rtp/gtfs/v1"] [unique_id "acRv0fuE-m6J6q80YjWB0gAAADU"]
Apache-Handler: proxy-server
Stopwatch: 1774481361777372 1147816 (- - -)
Stopwatch2: 1774481361777372 1147816; combined=69, p1=0, p2=37, p3=1, p4=0, p5=31, sr=0, sw=0, l=0, gc=0
Producer: ModSecurity for Apache/2.9.6 (http://www.modsecurity.org/).
Server: Apache
Engine-Mode: "ENABLED"

--2932a43e-Z--

